<!DOCTYPE html>
<html>
<head>
    <title>Unittest Results</title>
    <meta charset="utf-8">
    <meta name="viewport" content="width=device-width, initial-scale=1.0">
    <link rel="stylesheet" href="https://maxcdn.bootstrapcdn.com/bootstrap/3.3.6/css/bootstrap.min.css" integrity="sha384-1q8mTJOASx8j1Au+a5WDVnPi2lkFfwwEAa8hDDdjZlpLegxhjVME1fgjWPGmkzs7" crossorigin="anonymous">
</head>
<body>
    <div class="container">
        <div class="row">
            <div class="col-xs-12">
                <h2 class="text-capitalize">Unittest Results</h2>
                <p class='attribute'><strong>Start Time: </strong>2024-12-02 09:40:35</p>
                <p class='attribute'><strong>Duration: </strong>4.91 s</p>
                <p class='attribute'><strong>Summary: </strong>Total: 1, Pass: 0, Error: 1</p>
            </div>
        </div>
        <div class="row">
            <div class="col-xs-12 col-sm-10 col-md-10">
                <table class='table table-hover table-responsive'>
                    <thead>
                        <tr>
                            <th>__main__.TestRegistro</th>
                            <th>Status</th>
                            <th></th>
                        </tr>
                    </thead>
                    <tbody>
                        <tr class='warning'>
                            <td class="col-xs-10">test_registro_login_tarea</td>
                            <td class="col-xs-1">
                                <span class="label label-warning" style="display:block;width:40px;">Error</span>
                            </td>
                            <td class="col-xs-1">
                                <button class="btn btn-default btn-xs">View</button>
                            </td>
                        </tr>
                        <tr style="display:none;">
                            <td class="col-xs-9" colspan="3"><p>Error: Message: no such element: Unable to locate element: {"method":"xpath","selector":"//td[text()='Tarea Selenium']/following-sibling::td/button[contains(@class,'editButton')]"}
  (Session info: chrome=131.0.6778.86); For documentation on this error, please visit: https://www.selenium.dev/documentation/webdriver/troubleshooting/errors#no-such-element-exception
Stacktrace:
	GetHandleVerifier [0x00007FF611EF6CB5+28821]
	(No symbol) [0x00007FF611E63840]
	(No symbol) [0x00007FF611D0578A]
	(No symbol) [0x00007FF611D591BE]
	(No symbol) [0x00007FF611D594AC]
	(No symbol) [0x00007FF611DA2647]
	(No symbol) [0x00007FF611D7F33F]
	(No symbol) [0x00007FF611D9F412]
	(No symbol) [0x00007FF611D7F0A3]
	(No symbol) [0x00007FF611D4A778]
	(No symbol) [0x00007FF611D4B8E1]
	GetHandleVerifier [0x00007FF61222FCAD+3408013]
	GetHandleVerifier [0x00007FF61224741F+3504127]
	GetHandleVerifier [0x00007FF61223B5FD+3455453]
	GetHandleVerifier [0x00007FF611FBBDBB+835995]
	(No symbol) [0x00007FF611E6EB5F]
	(No symbol) [0x00007FF611E6A814]
	(No symbol) [0x00007FF611E6A9AD]
	(No symbol) [0x00007FF611E5A199]
	BaseThreadInitThunk [0x00007FFD0AD7259D+29]
	RtlUserThreadStart [0x00007FFD0BC8AF38+40]

</p><p style="color:maroon;">NoSuchElementException: Message: no such element: Unable to locate element: {"method":"xpath","selector":"//td[text()='Tarea Selenium']/following-sibling::td/button[contains(@class,'editButton')]"}
  (Session info: chrome=131.0.6778.86); For documentation on this error, please visit: https://www.selenium.dev/documentation/webdriver/troubleshooting/errors#no-such-element-exception
Stacktrace:
	GetHandleVerifier [0x00007FF611EF6CB5+28821]
	(No symbol) [0x00007FF611E63840]
	(No symbol) [0x00007FF611D0578A]
	(No symbol) [0x00007FF611D591BE]
	(No symbol) [0x00007FF611D594AC]
	(No symbol) [0x00007FF611DA2647]
	(No symbol) [0x00007FF611D7F33F]
	(No symbol) [0x00007FF611D9F412]
	(No symbol) [0x00007FF611D7F0A3]
	(No symbol) [0x00007FF611D4A778]
	(No symbol) [0x00007FF611D4B8E1]
	GetHandleVerifier [0x00007FF61222FCAD+3408013]
	GetHandleVerifier [0x00007FF61224741F+3504127]
	GetHandleVerifier [0x00007FF61223B5FD+3455453]
	GetHandleVerifier [0x00007FF611FBBDBB+835995]
	(No symbol) [0x00007FF611E6EB5F]
	(No symbol) [0x00007FF611E6A814]
	(No symbol) [0x00007FF611E6A9AD]
	(No symbol) [0x00007FF611E5A199]
	BaseThreadInitThunk [0x00007FFD0AD7259D+29]
	RtlUserThreadStart [0x00007FFD0BC8AF38+40]
</p><p style="color:maroon;">Traceback (most recent call last):
  File "C:\Users\Billi\OneDrive\Escritorio\ITLA\P3\Proyecto Final\Pruebas Automatizadas\test_CreateTask.py", line 69, in test_registro_login_tarea
    edit_button = driver.find_element(By.XPATH, "//td[text()='Tarea Selenium']/following-sibling::td/button[contains(@class,'editButton')]")
                  ^^^^^^^^^^^^^^^^^^^^^^^^^^^^^^^^^^^^^^^^^^^^^^^^^^^^^^^^^^^^^^^^^^^^^^^^^^^^^^^^^^^^^^^^^^^^^^^^^^^^^^^^^^^^^^^^^^^^^^^^^^
  File "C:\Users\Billi\AppData\Local\Programs\Python\Python311\Lib\site-packages\selenium\webdriver\remote\webdriver.py", line 770, in find_element
    return self.execute(Command.FIND_ELEMENT, {"using": by, "value": value})["value"]
           ^^^^^^^^^^^^^^^^^^^^^^^^^^^^^^^^^^^^^^^^^^^^^^^^^^^^^^^^^^^^^^^^^
  File "C:\Users\Billi\AppData\Local\Programs\Python\Python311\Lib\site-packages\selenium\webdriver\remote\webdriver.py", line 384, in execute
    self.error_handler.check_response(response)
  File "C:\Users\Billi\AppData\Local\Programs\Python\Python311\Lib\site-packages\selenium\webdriver\remote\errorhandler.py", line 232, in check_response
    raise exception_class(message, screen, stacktrace)
selenium.common.exceptions.NoSuchElementException: Message: no such element: Unable to locate element: {"method":"xpath","selector":"//td[text()='Tarea Selenium']/following-sibling::td/button[contains(@class,'editButton')]"}
  (Session info: chrome=131.0.6778.86); For documentation on this error, please visit: https://www.selenium.dev/documentation/webdriver/troubleshooting/errors#no-such-element-exception
Stacktrace:
	GetHandleVerifier [0x00007FF611EF6CB5+28821]
	(No symbol) [0x00007FF611E63840]
	(No symbol) [0x00007FF611D0578A]
	(No symbol) [0x00007FF611D591BE]
	(No symbol) [0x00007FF611D594AC]
	(No symbol) [0x00007FF611DA2647]
	(No symbol) [0x00007FF611D7F33F]
	(No symbol) [0x00007FF611D9F412]
	(No symbol) [0x00007FF611D7F0A3]
	(No symbol) [0x00007FF611D4A778]
	(No symbol) [0x00007FF611D4B8E1]
	GetHandleVerifier [0x00007FF61222FCAD+3408013]
	GetHandleVerifier [0x00007FF61224741F+3504127]
	GetHandleVerifier [0x00007FF61223B5FD+3455453]
	GetHandleVerifier [0x00007FF611FBBDBB+835995]
	(No symbol) [0x00007FF611E6EB5F]
	(No symbol) [0x00007FF611E6A814]
	(No symbol) [0x00007FF611E6A9AD]
	(No symbol) [0x00007FF611E5A199]
	BaseThreadInitThunk [0x00007FFD0AD7259D+29]
	RtlUserThreadStart [0x00007FFD0BC8AF38+40]

</p>
                            </td>
                        </tr>
                        <tr>
                            <td colspan="3">
                                Total: 1, Pass: 0, Error: 1 -- Duration: 4.91 s
                            </td>
                        </tr>
                    </tbody>
                </table>
            </div>
        </div>
    </div>
    <script src="https://ajax.googleapis.com/ajax/libs/jquery/2.2.4/jquery.min.js"></script>
    <script type="text/javascript">
        $(document).ready(function(){
            $('td').on('click', '.btn', function(e){
                e.preventDefault();
                e.stopImmediatePropagation();
                var $this = $(this);
                var $nextRow = $this.closest('tr').next('tr');
                $nextRow.slideToggle("fast");
                $this.text(function(i, text){
                    if (text === 'View') {
                        return 'Hide';
                    } else {
                        return 'View';
                    };
                });
            });
        });
    </script>
</body>
</html